<?xml version="1.0" encoding="UTF-8"?>
<!-- Generated by org.testng.reporters.JUnitReportReporter -->
<testsuite hostname="DESKTOP-VF04C9D" failures="0" tests="1" name="retailerProject.AmazonTest" time="19.758" errors="0" timestamp="2023-07-25T18:59:45 IST" skipped="0">
  <testcase classname="retailerProject.AmazonTest" name="f" time="19.758"/>
  <system-out/>
</testsuite> <!-- retailerProject.AmazonTest -->
